greedy initial solution followed by steepest descentwith 2-Opt
1
0 1
1 2
2 1
3 2
4 1
5 3
6 2
7 1
8 2
9 1
10 3
11 4
12 2
13 1
14 2
15 1
16 3
17 2
18 1
19 2
20 1
21 3
22 4
23 5
24 2
25 1
26 2
27 1
28 3
29 2
30 1
31 2
32 1
33 3
34 4
35 2
36 1
37 2
38 1
39 3
40 2
41 1
42 2
43 1
44 3
45 4
46 5
47 6
48 2
49 1
50 2
51 1
52 3
53 2
54 1
55 2
56 1
57 3
58 4
59 2
60 1
61 2
62 1
63 3
64 2
65 1
66 2
67 1
68 3
69 4
70 5
71 2
72 1
73 2
74 1
75 3
76 2
77 1
78 2
79 1
80 3
81 4
82 2
83 1
84 2
85 1
86 3
87 2
88 1
89 2
90 1
91 3
92 4
93 5
94 6
95 7
96 2
97 1
98 2
99 1
100 3
101 2
102 1
103 2
104 1
105 3
106 4
107 2
108 1
109 2
110 1
111 3
112 2
113 1
114 2
115 1
116 3
117 4
118 5
119 2
120 1
121 2
122 1
123 3
124 2
125 1
126 2
127 1
128 3
129 4
130 2
131 1
132 2
133 1
134 3
135 2
136 1
137 2
138 1
139 3
140 4
141 5
142 6
143 2
144 1
145 2
146 1
147 3
148 2
149 1
150 2
151 1
152 3
153 4
154 2
155 1
156 2
157 1
158 3
159 2
160 1
161 2
162 1
163 3
164 4
165 5
166 2
167 1
168 2
169 1
170 3
171 2
172 1
173 2
174 1
175 3
176 4
177 2
178 1
179 2
180 1
181 3
182 2
183 1
184 2
185 1
186 3
187 4
188 5
189 6
190 7
191 7
