1
0 1
1 2
2 1
3 2
4 1
5 3
6 2
7 1
8 2
9 1
10 3
11 4
12 2
13 1
14 2
15 1
16 3
17 2
18 1
19 2
20 1
21 3
22 4
23 5
24 2
25 1
26 2
27 1
28 3
29 2
30 1
31 2
32 1
33 3
34 4
35 2
36 1
37 2
38 1
39 3
40 2
41 1
42 2
43 1
44 3
45 4
46 5
47 6
48 2
49 1
50 2
51 1
52 3
53 2
54 1
55 2
56 1
57 3
58 4
59 2
60 1
61 2
62 1
63 3
64 2
65 1
66 2
67 1
68 3
69 4
70 5
71 2
72 1
73 2
74 1
75 3
76 2
77 1
78 2
79 1
80 3
81 4
82 2
83 1
84 2
85 1
86 3
87 2
88 1
89 2
90 1
91 3
92 4
93 5
94 6
95 6
